
To view this simulation, please set Terminal width > 141


Simulator settings for simulation:
----------------------------------
Simulation performed at: Mon Dec 16 02:49:50 CET 2019
Simulated time = 3652d 13h 31m 40s 
Simulation steps (precision) = 10.000s 
REALTIME_ENABLED = false 
PRINT_VERBOSE = true


Objects in the simulation:
--------------------------
     Earth: m=5.972e+24, r=6.378e+06, s=[+1.50e+11,+0.00e+00,+0.00e+00], v=[+0.00e+00,+2.98e+04,+0.00e+00], a=[+0.00e+00,+0.00e+00,+0.00e+00]
           |s|=+1.50e+11  |v|=+2.98e+04  |a|=+0.00e+00

      Moon: m=7.246e+22, r=1.738e+06, s=[+1.50e+11,+0.00e+00,+0.00e+00], v=[+0.00e+00,+3.08e+04,+0.00e+00], a=[+0.00e+00,+0.00e+00,+0.00e+00]
           |s|=+1.50e+11  |v|=+3.08e+04  |a|=+0.00e+00

       Sun: m=1.988e+30, r=6.957e+08, s=[+0.00e+00,+0.00e+00,+0.00e+00], v=[+0.00e+00,+0.00e+00,+0.00e+00], a=[+0.00e+00,+0.00e+00,+0.00e+00]
           |s|=+0.00e+00  |v|=+0.00e+00  |a|=+0.00e+00




Progress 1% - Result for 5259690.00s:
-------------------------------------
     Earth: m=5.972e+24, r=6.378e+06, s=[+7.48e+10,+1.30e+11,+0.00e+00], v=[-2.58e+04,+1.49e+04,+0.00e+00], a=[-2.99e-03,-5.11e-03,+0.00e+00]
           |s|=+1.50e+11  |v|=+2.98e+04  |a|=+5.92e-03
            3.55e+08m away from Moon.
            1.50e+11m away from Sun.

      Moon: m=7.246e+22, r=1.738e+06, s=[+7.45e+10,+1.30e+11,+0.00e+00], v=[-2.64e+04,+1.40e+04,+0.00e+00], a=[-3.81e-04,-6.99e-03,+0.00e+00]
           |s|=+1.50e+11  |v|=+2.99e+04  |a|=+7.00e-03
            3.55e+08m away from Earth.
            1.50e+11m away from Sun.

       Sun: m=1.988e+30, r=6.957e+08, s=[+2.27e+05,+8.24e+04,+0.00e+00], v=[+7.84e-02,+4.53e-02,+0.00e+00], a=[+9.01e-09,+1.56e-08,+0.00e+00]
           |s|=+2.42e+05  |v|=+9.05e-02  |a|=+1.80e-08
            1.50e+11m away from Earth.
            1.50e+11m away from Moon.



Progress 3% - Result for 10519380.00s:
-------------------------------------
     Earth: m=5.972e+24, r=6.378e+06, s=[-7.48e+10,+1.30e+11,+0.00e+00], v=[-2.58e+04,-1.49e+04,+0.00e+00], a=[+2.97e-03,-5.16e-03,+0.00e+00]
           |s|=+1.50e+11  |v|=+2.98e+04  |a|=+5.96e-03
            3.70e+08m away from Moon.
            1.50e+11m away from Sun.

      Moon: m=7.246e+22, r=1.738e+06, s=[-7.46e+10,+1.29e+11,+0.00e+00], v=[-2.49e+04,-1.44e+04,+0.00e+00], a=[+1.49e-03,-2.64e-03,+0.00e+00]
           |s|=+1.49e+11  |v|=+2.87e+04  |a|=+3.04e-03
            3.70e+08m away from Earth.
            1.49e+11m away from Sun.

       Sun: m=1.988e+30, r=6.957e+08, s=[+6.82e+05,+5.58e+05,+0.00e+00], v=[+7.84e-02,+1.36e-01,+0.00e+00], a=[-8.99e-09,+1.56e-08,+0.00e+00]
           |s|=+8.81e+05  |v|=+1.57e-01  |a|=+1.80e-08
            1.50e+11m away from Earth.
            1.49e+11m away from Moon.



Progress 4% - Result for 15779070.00s:
-------------------------------------
     Earth: m=5.972e+24, r=6.378e+06, s=[-1.50e+11,+3.55e+08,+0.00e+00], v=[-5.92e+01,-2.98e+04,+0.00e+00], a=[+5.93e-03,+1.92e-05,+0.00e+00]
           |s|=+1.50e+11  |v|=+2.98e+04  |a|=+5.93e-03
            3.76e+08m away from Moon.
            1.50e+11m away from Sun.

      Moon: m=7.246e+22, r=1.738e+06, s=[-1.50e+11,+7.19e+08,+0.00e+00], v=[-1.05e+03,-2.96e+04,+0.00e+00], a=[+5.23e-03,-2.76e-03,+0.00e+00]
           |s|=+1.50e+11  |v|=+2.96e+04  |a|=+5.92e-03
            3.76e+08m away from Earth.
            1.50e+11m away from Sun.

       Sun: m=1.988e+30, r=6.957e+08, s=[+9.10e+05,+1.43e+06,+0.00e+00], v=[+2.16e-04,+1.81e-01,+0.00e+00], a=[-1.80e-08,+4.30e-11,+0.00e+00]
           |s|=+1.69e+06  |v|=+1.81e-01  |a|=+1.80e-08
            1.50e+11m away from Earth.
            1.50e+11m away from Moon.



Progress 6% - Result for 21038760.00s:
-------------------------------------
     Earth: m=5.972e+24, r=6.378e+06, s=[-7.54e+10,-1.29e+11,+0.00e+00], v=[+2.57e+04,-1.50e+04,+0.00e+00], a=[+2.95e-03,+5.09e-03,+0.00e+00]
           |s|=+1.50e+11  |v|=+2.98e+04  |a|=+5.88e-03
            3.44e+08m away from Moon.
            1.50e+11m away from Sun.

      Moon: m=7.246e+22, r=1.738e+06, s=[-7.56e+10,-1.30e+11,+0.00e+00], v=[+2.65e+04,-1.57e+04,+0.00e+00], a=[+5.20e-03,+7.62e-03,+0.00e+00]
           |s|=+1.50e+11  |v|=+3.09e+04  |a|=+9.22e-03
            3.44e+08m away from Earth.
            1.50e+11m away from Sun.

       Sun: m=1.988e+30, r=6.957e+08, s=[+6.84e+05,+2.30e+06,+0.00e+00], v=[-7.82e-02,+1.36e-01,+0.00e+00], a=[-9.06e-09,-1.56e-08,+0.00e+00]
           |s|=+2.40e+06  |v|=+1.57e-01  |a|=+1.80e-08
            1.50e+11m away from Earth.
            1.50e+11m away from Moon.



Progress 8% - Result for 26298450.00s:
-------------------------------------
     Earth: m=5.972e+24, r=6.378e+06, s=[+7.42e+10,-1.30e+11,+0.00e+00], v=[+2.59e+04,+1.48e+04,+0.00e+00], a=[-2.91e-03,+5.15e-03,+0.00e+00]
           |s|=+1.50e+11  |v|=+2.98e+04  |a|=+5.92e-03
            3.83e+08m away from Moon.
            1.50e+11m away from Sun.

      Moon: m=7.246e+22, r=1.738e+06, s=[+7.46e+10,-1.30e+11,+0.00e+00], v=[+2.57e+04,+1.57e+04,+0.00e+00], a=[-5.60e-03,+4.53e-03,+0.00e+00]
           |s|=+1.50e+11  |v|=+3.01e+04  |a|=+7.20e-03
            3.83e+08m away from Earth.
            1.50e+11m away from Sun.

       Sun: m=1.988e+30, r=6.957e+08, s=[+2.29e+05,+2.78e+06,+0.00e+00], v=[-7.86e-02,+4.56e-02,+0.00e+00], a=[+8.93e-09,-1.56e-08,+0.00e+00]
           |s|=+2.79e+06  |v|=+9.09e-02  |a|=+1.80e-08
            1.50e+11m away from Earth.
            1.50e+11m away from Moon.



Progress 9% - Result for 31558140.00s:
-------------------------------------
     Earth: m=5.972e+24, r=6.378e+06, s=[+1.50e+11,-7.12e+08,+0.00e+00], v=[+1.48e+02,+2.98e+04,+0.00e+00], a=[-5.96e-03,+4.88e-05,+0.00e+00]
           |s|=+1.50e+11  |v|=+2.98e+04  |a|=+5.96e-03
            3.54e+08m away from Moon.
            1.50e+11m away from Sun.

      Moon: m=7.246e+22, r=1.738e+06, s=[+1.49e+11,-5.25e+08,+0.00e+00], v=[-3.75e+02,+2.88e+04,+0.00e+00], a=[-3.25e-03,-1.66e-03,+0.00e+00]
           |s|=+1.49e+11  |v|=+2.89e+04  |a|=+3.65e-03
            3.54e+08m away from Earth.
            1.49e+11m away from Sun.

       Sun: m=1.988e+30, r=6.957e+08, s=[+8.61e+00,+2.86e+06,+0.00e+00], v=[-4.31e-04,+7.52e-07,+0.00e+00], a=[+1.80e-08,-8.59e-11,+0.00e+00]
           |s|=+2.86e+06  |v|=+4.31e-04  |a|=+1.80e-08
            1.50e+11m away from Earth.
            1.49e+11m away from Moon.



Progress 11% - Result for 36817830.00s:
-------------------------------------
     Earth: m=5.972e+24, r=6.378e+06, s=[+7.54e+10,+1.29e+11,+0.00e+00], v=[-2.57e+04,+1.50e+04,+0.00e+00], a=[-2.97e-03,-5.15e-03,+0.00e+00]
           |s|=+1.50e+11  |v|=+2.98e+04  |a|=+5.94e-03
            3.61e+08m away from Moon.
            1.50e+11m away from Sun.

      Moon: m=7.246e+22, r=1.738e+06, s=[+7.56e+10,+1.29e+11,+0.00e+00], v=[-2.48e+04,+1.55e+04,+0.00e+00], a=[-4.65e-03,-2.55e-03,+0.00e+00]
           |s|=+1.49e+11  |v|=+2.93e+04  |a|=+5.30e-03
            3.61e+08m away from Earth.
            1.49e+11m away from Sun.

       Sun: m=1.988e+30, r=6.957e+08, s=[+2.25e+05,+2.94e+06,+0.00e+00], v=[+7.82e-02,+4.49e-02,+0.00e+00], a=[+9.08e-09,+1.56e-08,+0.00e+00]
           |s|=+2.95e+06  |v|=+9.01e-02  |a|=+1.80e-08
            1.50e+11m away from Earth.
            1.49e+11m away from Moon.



Progress 13% - Result for 42077520.00s:
-------------------------------------
     Earth: m=5.972e+24, r=6.378e+06, s=[-7.41e+10,+1.30e+11,+0.00e+00], v=[-2.59e+04,-1.47e+04,+0.00e+00], a=[+2.94e-03,-5.11e-03,+0.00e+00]
           |s|=+1.50e+11  |v|=+2.98e+04  |a|=+5.90e-03
            3.82e+08m away from Moon.
            1.50e+11m away from Sun.

      Moon: m=7.246e+22, r=1.738e+06, s=[-7.40e+10,+1.30e+11,+0.00e+00], v=[-2.68e+04,-1.45e+04,+0.00e+00], a=[+2.15e-03,-7.75e-03,+0.00e+00]
           |s|=+1.50e+11  |v|=+3.05e+04  |a|=+8.04e-03
            3.82e+08m away from Earth.
            1.50e+11m away from Sun.

       Sun: m=1.988e+30, r=6.957e+08, s=[+6.80e+05,+3.42e+06,+0.00e+00], v=[+7.86e-02,+1.35e-01,+0.00e+00], a=[-8.91e-09,+1.56e-08,+0.00e+00]
           |s|=+3.48e+06  |v|=+1.57e-01  |a|=+1.80e-08
            1.50e+11m away from Earth.
            1.50e+11m away from Moon.



Progress 14% - Result for 47337210.00s:
-------------------------------------
     Earth: m=5.972e+24, r=6.378e+06, s=[-1.50e+11,+1.07e+09,+0.00e+00], v=[-2.19e+02,-2.98e+04,+0.00e+00], a=[+5.89e-03,-6.53e-05,+0.00e+00]
           |s|=+1.50e+11  |v|=+2.98e+04  |a|=+5.89e-03
            3.48e+08m away from Moon.
            1.50e+11m away from Sun.

      Moon: m=7.246e+22, r=1.738e+06, s=[-1.50e+11,+8.71e+08,+0.00e+00], v=[+4.17e+02,-3.07e+04,+0.00e+00], a=[+8.58e-03,+1.87e-03,+0.00e+00]
           |s|=+1.50e+11  |v|=+3.07e+04  |a|=+8.78e-03
            3.48e+08m away from Earth.
            1.50e+11m away from Sun.

       Sun: m=1.988e+30, r=6.957e+08, s=[+9.10e+05,+4.28e+06,+0.00e+00], v=[+6.44e-04,+1.81e-01,+0.00e+00], a=[-1.80e-08,+1.28e-10,+0.00e+00]
           |s|=+4.38e+06  |v|=+1.81e-01  |a|=+1.80e-08
            1.50e+11m away from Earth.
            1.50e+11m away from Moon.



Progress 16% - Result for 52596900.00s:
-------------------------------------
     Earth: m=5.972e+24, r=6.378e+06, s=[-7.60e+10,-1.29e+11,+0.00e+00], v=[+2.57e+04,-1.51e+04,+0.00e+00], a=[+3.04e-03,+5.10e-03,+0.00e+00]
           |s|=+1.50e+11  |v|=+2.98e+04  |a|=+5.94e-03
            3.79e+08m away from Moon.
            1.50e+11m away from Sun.

      Moon: m=7.246e+22, r=1.738e+06, s=[-7.56e+10,-1.29e+11,+0.00e+00], v=[+2.57e+04,-1.41e+04,+0.00e+00], a=[+2.34e-04,+5.13e-03,+0.00e+00]
           |s|=+1.50e+11  |v|=+2.93e+04  |a|=+5.13e-03
            3.80e+08m away from Earth.
            1.50e+11m away from Sun.

       Sun: m=1.988e+30, r=6.957e+08, s=[+6.86e+05,+5.16e+06,+0.00e+00], v=[-7.80e-02,+1.36e-01,+0.00e+00], a=[-9.14e-09,-1.55e-08,+0.00e+00]
           |s|=+5.20e+06  |v|=+1.57e-01  |a|=+1.80e-08
            1.50e+11m away from Earth.
            1.50e+11m away from Moon.



Progress 18% - Result for 57856590.00s:
-------------------------------------
     Earth: m=5.972e+24, r=6.378e+06, s=[+7.36e+10,-1.30e+11,+0.00e+00], v=[+2.59e+04,+1.47e+04,+0.00e+00], a=[-2.93e-03,+5.19e-03,+0.00e+00]
           |s|=+1.50e+11  |v|=+2.98e+04  |a|=+5.96e-03
            3.77e+08m away from Moon.
            1.50e+11m away from Sun.

      Moon: m=7.246e+22, r=1.738e+06, s=[+7.34e+10,-1.30e+11,+0.00e+00], v=[+2.51e+04,+1.40e+04,+0.00e+00], a=[-1.25e-03,+2.94e-03,+0.00e+00]
           |s|=+1.49e+11  |v|=+2.88e+04  |a|=+3.19e-03
            3.77e+08m away from Earth.
            1.49e+11m away from Sun.

       Sun: m=1.988e+30, r=6.957e+08, s=[+2.31e+05,+5.64e+06,+0.00e+00], v=[-7.88e-02,+4.60e-02,+0.00e+00], a=[+8.86e-09,-1.57e-08,+0.00e+00]
           |s|=+5.64e+06  |v|=+9.13e-02  |a|=+1.80e-08
            1.50e+11m away from Earth.
            1.49e+11m away from Moon.



Progress 19% - Result for 63116280.00s:
-------------------------------------
     Earth: m=5.972e+24, r=6.378e+06, s=[+1.50e+11,-1.41e+09,+0.00e+00], v=[+2.69e+02,+2.98e+04,+0.00e+00], a=[-5.93e-03,+1.76e-05,+0.00e+00]
           |s|=+1.50e+11  |v|=+2.98e+04  |a|=+5.93e-03
            3.55e+08m away from Moon.
            1.50e+11m away from Sun.

      Moon: m=7.246e+22, r=1.738e+06, s=[+1.50e+11,-1.76e+09,+0.00e+00], v=[+1.35e+03,+2.98e+04,+0.00e+00], a=[-5.90e-03,+3.23e-03,+0.00e+00]
           |s|=+1.50e+11  |v|=+2.98e+04  |a|=+6.73e-03
            3.55e+08m away from Earth.
            1.50e+11m away from Sun.

       Sun: m=1.988e+30, r=6.957e+08, s=[+2.71e+01,+5.72e+06,+0.00e+00], v=[-8.57e-04,+3.53e-06,+0.00e+00], a=[+1.80e-08,-1.71e-10,+0.00e+00]
           |s|=+5.72e+06  |v|=+8.57e-04  |a|=+1.80e-08
            1.50e+11m away from Earth.
            1.50e+11m away from Moon.



Progress 21% - Result for 68375970.00s:
-------------------------------------
     Earth: m=5.972e+24, r=6.378e+06, s=[+7.60e+10,+1.29e+11,+0.00e+00], v=[-2.56e+04,+1.51e+04,+0.00e+00], a=[-2.99e-03,-5.08e-03,+0.00e+00]
           |s|=+1.50e+11  |v|=+2.98e+04  |a|=+5.90e-03
            3.86e+08m away from Moon.
            1.50e+11m away from Sun.

      Moon: m=7.246e+22, r=1.738e+06, s=[+7.63e+10,+1.29e+11,+0.00e+00], v=[-2.63e+04,+1.59e+04,+0.00e+00], a=[-4.88e-03,-6.98e-03,+0.00e+00]
           |s|=+1.50e+11  |v|=+3.07e+04  |a|=+8.52e-03
            3.86e+08m away from Earth.
            1.50e+11m away from Sun.

       Sun: m=1.988e+30, r=6.957e+08, s=[+2.24e+05,+5.80e+06,+0.00e+00], v=[+7.80e-02,+4.45e-02,+0.00e+00], a=[+9.16e-09,+1.55e-08,+0.00e+00]
           |s|=+5.80e+06  |v|=+8.98e-02  |a|=+1.80e-08
            1.50e+11m away from Earth.
            1.50e+11m away from Moon.



Progress 23% - Result for 73635660.00s:
-------------------------------------
     Earth: m=5.972e+24, r=6.378e+06, s=[-7.35e+10,+1.30e+11,+0.00e+00], v=[-2.59e+04,-1.46e+04,+0.00e+00], a=[+2.87e-03,-5.15e-03,+0.00e+00]
           |s|=+1.50e+11  |v|=+2.98e+04  |a|=+5.90e-03
            3.73e+08m away from Moon.
            1.50e+11m away from Sun.

      Moon: m=7.246e+22, r=1.738e+06, s=[-7.39e+10,+1.30e+11,+0.00e+00], v=[-2.61e+04,-1.56e+04,+0.00e+00], a=[+5.74e-03,-5.62e-03,+0.00e+00]
           |s|=+1.50e+11  |v|=+3.04e+04  |a|=+8.03e-03
            3.73e+08m away from Earth.
            1.50e+11m away from Sun.

       Sun: m=1.988e+30, r=6.957e+08, s=[+6.78e+05,+6.27e+06,+0.00e+00], v=[+7.88e-02,+1.35e-01,+0.00e+00], a=[-8.84e-09,+1.57e-08,+0.00e+00]
           |s|=+6.31e+06  |v|=+1.56e-01  |a|=+1.80e-08
            1.50e+11m away from Earth.
            1.50e+11m away from Moon.



Progress 24% - Result for 78895350.00s:
-------------------------------------
     Earth: m=5.972e+24, r=6.378e+06, s=[-1.50e+11,+1.78e+09,+0.00e+00], v=[-3.61e+02,-2.98e+04,+0.00e+00], a=[+5.94e-03,-9.81e-05,+0.00e+00]
           |s|=+1.50e+11  |v|=+2.98e+04  |a|=+5.94e-03
            3.57e+08m away from Moon.
            1.50e+11m away from Sun.

      Moon: m=7.246e+22, r=1.738e+06, s=[-1.49e+11,+1.51e+09,+0.00e+00], v=[+4.54e+02,-2.91e+04,+0.00e+00], a=[+3.85e-03,+2.26e-03,+0.00e+00]
           |s|=+1.50e+11  |v|=+2.91e+04  |a|=+4.47e-03
            3.57e+08m away from Earth.
            1.50e+11m away from Sun.

       Sun: m=1.988e+30, r=6.957e+08, s=[+9.10e+05,+7.14e+06,+0.00e+00], v=[+1.07e-03,+1.81e-01,+0.00e+00], a=[-1.80e-08,+2.12e-10,+0.00e+00]
           |s|=+7.20e+06  |v|=+1.81e-01  |a|=+1.80e-08
            1.50e+11m away from Earth.
            1.50e+11m away from Moon.



Progress 26% - Result for 84155040.00s:
-------------------------------------
     Earth: m=5.972e+24, r=6.378e+06, s=[-7.66e+10,-1.29e+11,+0.00e+00], v=[+2.56e+04,-1.52e+04,+0.00e+00], a=[+3.03e-03,+5.12e-03,+0.00e+00]
           |s|=+1.50e+11  |v|=+2.98e+04  |a|=+5.95e-03
            3.89e+08m away from Moon.
            1.50e+11m away from Sun.

      Moon: m=7.246e+22, r=1.738e+06, s=[-7.65e+10,-1.28e+11,+0.00e+00], v=[+2.46e+04,-1.51e+04,+0.00e+00], a=[+2.68e-03,+2.49e-03,+0.00e+00]
           |s|=+1.49e+11  |v|=+2.89e+04  |a|=+3.66e-03
            3.88e+08m away from Earth.
            1.49e+11m away from Sun.

       Sun: m=1.988e+30, r=6.957e+08, s=[+6.88e+05,+8.01e+06,+0.00e+00], v=[-7.78e-02,+1.37e-01,+0.00e+00], a=[-9.21e-09,-1.55e-08,+0.00e+00]
           |s|=+8.04e+06  |v|=+1.57e-01  |a|=+1.80e-08
            1.50e+11m away from Earth.
            1.49e+11m away from Moon.



Progress 28% - Result for 89414730.00s:
-------------------------------------
     Earth: m=5.972e+24, r=6.378e+06, s=[+7.30e+10,-1.31e+11,+0.00e+00], v=[+2.60e+04,+1.45e+04,+0.00e+00], a=[-2.92e-03,+5.16e-03,+0.00e+00]
           |s|=+1.50e+11  |v|=+2.98e+04  |a|=+5.93e-03
            3.68e+08m away from Moon.
            1.50e+11m away from Sun.

      Moon: m=7.246e+22, r=1.738e+06, s=[+7.26e+10,-1.31e+11,+0.00e+00], v=[+2.65e+04,+1.36e+04,+0.00e+00], a=[-2.01e-04,+6.41e-03,+0.00e+00]
           |s|=+1.50e+11  |v|=+2.98e+04  |a|=+6.42e-03
            3.68e+08m away from Earth.
            1.50e+11m away from Sun.

       Sun: m=1.988e+30, r=6.957e+08, s=[+2.33e+05,+8.49e+06,+0.00e+00], v=[-7.90e-02,+4.64e-02,+0.00e+00], a=[+8.79e-09,-1.57e-08,+0.00e+00]
           |s|=+8.50e+06  |v|=+9.16e-02  |a|=+1.80e-08
            1.50e+11m away from Earth.
            1.50e+11m away from Moon.



Progress 29% - Result for 94674420.00s:
-------------------------------------
     Earth: m=5.972e+24, r=6.378e+06, s=[+1.50e+11,-2.10e+09,+0.00e+00], v=[+4.17e+02,+2.98e+04,+0.00e+00], a=[-5.89e-03,+7.39e-05,+0.00e+00]
           |s|=+1.50e+11  |v|=+2.98e+04  |a|=+5.89e-03
            3.57e+08m away from Moon.
            1.50e+11m away from Sun.

      Moon: m=7.246e+22, r=1.738e+06, s=[+1.50e+11,-2.20e+09,+0.00e+00], v=[+7.30e+02,+3.08e+04,+0.00e+00], a=[-8.93e-03,+9.06e-04,+0.00e+00]
           |s|=+1.50e+11  |v|=+3.08e+04  |a|=+8.98e-03
            3.56e+08m away from Earth.
            1.50e+11m away from Sun.

       Sun: m=1.988e+30, r=6.957e+08, s=[+5.51e+01,+8.58e+06,+0.00e+00], v=[-1.28e-03,+8.28e-06,+0.00e+00], a=[+1.80e-08,-2.55e-10,+0.00e+00]
           |s|=+8.58e+06  |v|=+1.28e-03  |a|=+1.80e-08
            1.50e+11m away from Earth.
            1.50e+11m away from Moon.



Progress 31% - Result for 99934110.00s:
-------------------------------------
     Earth: m=5.972e+24, r=6.378e+06, s=[+7.66e+10,+1.29e+11,+0.00e+00], v=[-2.56e+04,+1.53e+04,+0.00e+00], a=[-3.05e-03,-5.06e-03,+0.00e+00]
           |s|=+1.50e+11  |v|=+2.98e+04  |a|=+5.91e-03
            3.89e+08m away from Moon.
            1.50e+11m away from Sun.

      Moon: m=7.246e+22, r=1.738e+06, s=[+7.65e+10,+1.29e+11,+0.00e+00], v=[-2.65e+04,+1.49e+04,+0.00e+00], a=[-2.12e-03,-7.55e-03,+0.00e+00]
           |s|=+1.50e+11  |v|=+3.04e+04  |a|=+7.85e-03
            3.90e+08m away from Earth.
            1.50e+11m away from Sun.

       Sun: m=1.988e+30, r=6.957e+08, s=[+2.22e+05,+8.66e+06,+0.00e+00], v=[+7.77e-02,+4.42e-02,+0.00e+00], a=[+9.23e-09,+1.55e-08,+0.00e+00]
           |s|=+8.66e+06  |v|=+8.94e-02  |a|=+1.80e-08
            1.50e+11m away from Earth.
            1.50e+11m away from Moon.



Progress 33% - Result for 105193800.00s:
-------------------------------------
     Earth: m=5.972e+24, r=6.378e+06, s=[-7.29e+10,+1.31e+11,+0.00e+00], v=[-2.60e+04,-1.45e+04,+0.00e+00], a=[+2.86e-03,-5.20e-03,+0.00e+00]
           |s|=+1.50e+11  |v|=+2.98e+04  |a|=+5.93e-03
            3.63e+08m away from Moon.
            1.50e+11m away from Sun.

      Moon: m=7.246e+22, r=1.738e+06, s=[-7.32e+10,+1.30e+11,+0.00e+00], v=[-2.52e+04,-1.51e+04,+0.00e+00], a=[+4.83e-03,-2.85e-03,+0.00e+00]
           |s|=+1.50e+11  |v|=+2.93e+04  |a|=+5.61e-03
            3.63e+08m away from Earth.
            1.50e+11m away from Sun.

       Sun: m=1.988e+30, r=6.957e+08, s=[+6.76e+05,+9.13e+06,+0.00e+00], v=[+7.91e-02,+1.35e-01,+0.00e+00], a=[-8.77e-09,+1.57e-08,+0.00e+00]
           |s|=+9.15e+06  |v|=+1.56e-01  |a|=+1.80e-08
            1.50e+11m away from Earth.
            1.50e+11m away from Moon.



Progress 34% - Result for 110453490.00s:
-------------------------------------
     Earth: m=5.972e+24, r=6.378e+06, s=[-1.50e+11,+2.47e+09,+0.00e+00], v=[-4.87e+02,-2.98e+04,+0.00e+00], a=[+5.96e-03,-9.16e-05,+0.00e+00]
           |s|=+1.50e+11  |v|=+2.98e+04  |a|=+5.96e-03
            3.56e+08m away from Moon.
            1.50e+11m away from Sun.

      Moon: m=7.246e+22, r=1.738e+06, s=[-1.49e+11,+2.52e+09,+0.00e+00], v=[-6.01e+02,-2.87e+04,+0.00e+00], a=[+2.84e-03,-5.58e-04,+0.00e+00]
           |s|=+1.49e+11  |v|=+2.87e+04  |a|=+2.89e-03
            3.56e+08m away from Earth.
            1.49e+11m away from Sun.

       Sun: m=1.988e+30, r=6.957e+08, s=[+9.10e+05,+1.00e+07,+0.00e+00], v=[+1.49e-03,+1.81e-01,+0.00e+00], a=[-1.80e-08,+2.95e-10,+0.00e+00]
           |s|=+1.00e+07  |v|=+1.81e-01  |a|=+1.80e-08
            1.50e+11m away from Earth.
            1.49e+11m away from Moon.



Progress 36% - Result for 115713180.00s:
-------------------------------------
     Earth: m=5.972e+24, r=6.378e+06, s=[-7.72e+10,-1.28e+11,+0.00e+00], v=[+2.55e+04,-1.53e+04,+0.00e+00], a=[+3.03e-03,+5.10e-03,+0.00e+00]
           |s|=+1.50e+11  |v|=+2.98e+04  |a|=+5.93e-03
            3.90e+08m away from Moon.
            1.50e+11m away from Sun.

      Moon: m=7.246e+22, r=1.738e+06, s=[-7.74e+10,-1.28e+11,+0.00e+00], v=[+2.48e+04,-1.59e+04,+0.00e+00], a=[+4.73e-03,+3.05e-03,+0.00e+00]
           |s|=+1.50e+11  |v|=+2.95e+04  |a|=+5.63e-03
            3.90e+08m away from Earth.
            1.50e+11m away from Sun.

       Sun: m=1.988e+30, r=6.957e+08, s=[+6.89e+05,+1.09e+07,+0.00e+00], v=[-7.76e-02,+1.37e-01,+0.00e+00], a=[-9.28e-09,-1.54e-08,+0.00e+00]
           |s|=+1.09e+07  |v|=+1.58e-01  |a|=+1.80e-08
            1.50e+11m away from Earth.
            1.50e+11m away from Moon.



Progress 38% - Result for 120972870.00s:
-------------------------------------
     Earth: m=5.972e+24, r=6.378e+06, s=[+7.24e+10,-1.31e+11,+0.00e+00], v=[+2.61e+04,+1.44e+04,+0.00e+00], a=[-2.88e-03,+5.15e-03,+0.00e+00]
           |s|=+1.50e+11  |v|=+2.98e+04  |a|=+5.90e-03
            3.62e+08m away from Moon.
            1.50e+11m away from Sun.

      Moon: m=7.246e+22, r=1.738e+06, s=[+7.22e+10,-1.31e+11,+0.00e+00], v=[+2.71e+04,+1.41e+04,+0.00e+00], a=[-1.65e-03,+7.98e-03,+0.00e+00]
           |s|=+1.50e+11  |v|=+3.05e+04  |a|=+8.14e-03
            3.62e+08m away from Earth.
            1.50e+11m away from Sun.

       Sun: m=1.988e+30, r=6.957e+08, s=[+2.35e+05,+1.14e+07,+0.00e+00], v=[-7.92e-02,+4.67e-02,+0.00e+00], a=[+8.71e-09,-1.58e-08,+0.00e+00]
           |s|=+1.14e+07  |v|=+9.20e-02  |a|=+1.80e-08
            1.50e+11m away from Earth.
            1.50e+11m away from Moon.



Progress 39% - Result for 126232560.00s:
-------------------------------------
     Earth: m=5.972e+24, r=6.378e+06, s=[+1.50e+11,-2.79e+09,+0.00e+00], v=[+5.62e+02,+2.98e+04,+0.00e+00], a=[-5.89e-03,+1.26e-04,+0.00e+00]
           |s|=+1.50e+11  |v|=+2.98e+04  |a|=+5.90e-03
            3.55e+08m away from Moon.
            1.50e+11m away from Sun.

      Moon: m=7.246e+22, r=1.738e+06, s=[+1.50e+11,-2.66e+09,+0.00e+00], v=[+2.05e+02,+3.08e+04,+0.00e+00], a=[-8.84e-03,-1.07e-03,+0.00e+00]
           |s|=+1.50e+11  |v|=+3.08e+04  |a|=+8.91e-03
            3.55e+08m away from Earth.
            1.50e+11m away from Sun.

       Sun: m=1.988e+30, r=6.957e+08, s=[+9.24e+01,+1.14e+07,+0.00e+00], v=[-1.70e-03,+1.49e-05,+0.00e+00], a=[+1.80e-08,-3.38e-10,+0.00e+00]
           |s|=+1.14e+07  |v|=+1.70e-03  |a|=+1.80e-08
            1.50e+11m away from Earth.
            1.50e+11m away from Moon.



Progress 41% - Result for 131492250.00s:
-------------------------------------
     Earth: m=5.972e+24, r=6.378e+06, s=[+7.72e+10,+1.28e+11,+0.00e+00], v=[-2.55e+04,+1.54e+04,+0.00e+00], a=[-3.08e-03,-5.06e-03,+0.00e+00]
           |s|=+1.50e+11  |v|=+2.98e+04  |a|=+5.92e-03
            3.90e+08m away from Moon.
            1.50e+11m away from Sun.

      Moon: m=7.246e+22, r=1.738e+06, s=[+7.69e+10,+1.28e+11,+0.00e+00], v=[-2.61e+04,+1.46e+04,+0.00e+00], a=[-1.03e-03,-6.75e-03,+0.00e+00]
           |s|=+1.50e+11  |v|=+3.00e+04  |a|=+6.82e-03
            3.91e+08m away from Earth.
            1.50e+11m away from Sun.

       Sun: m=1.988e+30, r=6.957e+08, s=[+2.20e+05,+1.15e+07,+0.00e+00], v=[+7.75e-02,+4.38e-02,+0.00e+00], a=[+9.30e-09,+1.54e-08,+0.00e+00]
           |s|=+1.15e+07  |v|=+8.91e-02  |a|=+1.80e-08
            1.50e+11m away from Earth.
            1.50e+11m away from Moon.



Progress 43% - Result for 136751940.00s:
-------------------------------------
     Earth: m=5.972e+24, r=6.378e+06, s=[-7.23e+10,+1.31e+11,+0.00e+00], v=[-2.61e+04,-1.44e+04,+0.00e+00], a=[+2.85e-03,-5.22e-03,+0.00e+00]
           |s|=+1.50e+11  |v|=+2.98e+04  |a|=+5.95e-03
            3.66e+08m away from Moon.
            1.50e+11m away from Sun.

      Moon: m=7.246e+22, r=1.738e+06, s=[-7.24e+10,+1.31e+11,+0.00e+00], v=[-2.51e+04,-1.46e+04,+0.00e+00], a=[+3.71e-03,-2.34e-03,+0.00e+00]
           |s|=+1.49e+11  |v|=+2.90e+04  |a|=+4.39e-03
            3.66e+08m away from Earth.
            1.49e+11m away from Sun.

       Sun: m=1.988e+30, r=6.957e+08, s=[+6.75e+05,+1.20e+07,+0.00e+00], v=[+7.93e-02,+1.34e-01,+0.00e+00], a=[-8.70e-09,+1.58e-08,+0.00e+00]
           |s|=+1.20e+07  |v|=+1.56e-01  |a|=+1.80e-08
            1.50e+11m away from Earth.
            1.49e+11m away from Moon.



Progress 44% - Result for 142011630.00s:
-------------------------------------
     Earth: m=5.972e+24, r=6.378e+06, s=[-1.50e+11,+3.16e+09,+0.00e+00], v=[-6.20e+02,-2.98e+04,+0.00e+00], a=[+5.95e-03,-1.08e-04,+0.00e+00]
           |s|=+1.50e+11  |v|=+2.98e+04  |a|=+5.95e-03
            3.52e+08m away from Moon.
            1.50e+11m away from Sun.

      Moon: m=7.246e+22, r=1.738e+06, s=[-1.49e+11,+3.30e+09,+0.00e+00], v=[-1.04e+03,-2.88e+04,+0.00e+00], a=[+3.03e-03,-1.48e-03,+0.00e+00]
           |s|=+1.49e+11  |v|=+2.88e+04  |a|=+3.37e-03
            3.52e+08m away from Earth.
            1.49e+11m away from Sun.

       Sun: m=1.988e+30, r=6.957e+08, s=[+9.10e+05,+1.29e+07,+0.00e+00], v=[+1.90e-03,+1.81e-01,+0.00e+00], a=[-1.80e-08,+3.78e-10,+0.00e+00]
           |s|=+1.29e+07  |v|=+1.81e-01  |a|=+1.80e-08
            1.50e+11m away from Earth.
            1.49e+11m away from Moon.



Progress 46% - Result for 147271320.00s:
-------------------------------------
     Earth: m=5.972e+24, r=6.378e+06, s=[-7.78e+10,-1.28e+11,+0.00e+00], v=[+2.55e+04,-1.54e+04,+0.00e+00], a=[+3.05e-03,+5.08e-03,+0.00e+00]
           |s|=+1.50e+11  |v|=+2.98e+04  |a|=+5.92e-03
            3.89e+08m away from Moon.
            1.50e+11m away from Sun.

      Moon: m=7.246e+22, r=1.738e+06, s=[-7.81e+10,-1.28e+11,+0.00e+00], v=[+2.48e+04,-1.62e+04,+0.00e+00], a=[+5.19e-03,+3.47e-03,+0.00e+00]
           |s|=+1.50e+11  |v|=+2.97e+04  |a|=+6.24e-03
            3.89e+08m away from Earth.
            1.50e+11m away from Sun.

       Sun: m=1.988e+30, r=6.957e+08, s=[+6.91e+05,+1.37e+07,+0.00e+00], v=[-7.73e-02,+1.38e-01,+0.00e+00], a=[-9.35e-09,-1.54e-08,+0.00e+00]
           |s|=+1.37e+07  |v|=+1.58e-01  |a|=+1.80e-08
            1.50e+11m away from Earth.
            1.50e+11m away from Moon.



Progress 48% - Result for 152531010.00s:
-------------------------------------
     Earth: m=5.972e+24, r=6.378e+06, s=[+7.18e+10,-1.31e+11,+0.00e+00], v=[+2.61e+04,+1.43e+04,+0.00e+00], a=[-2.85e-03,+5.17e-03,+0.00e+00]
           |s|=+1.50e+11  |v|=+2.98e+04  |a|=+5.90e-03
            3.74e+08m away from Moon.
            1.50e+11m away from Sun.

      Moon: m=7.246e+22, r=1.738e+06, s=[+7.16e+10,-1.32e+11,+0.00e+00], v=[+2.71e+04,+1.40e+04,+0.00e+00], a=[-1.92e-03,+7.89e-03,+0.00e+00]
           |s|=+1.50e+11  |v|=+3.05e+04  |a|=+8.12e-03
            3.74e+08m away from Earth.
            1.50e+11m away from Sun.

       Sun: m=1.988e+30, r=6.957e+08, s=[+2.37e+05,+1.42e+07,+0.00e+00], v=[-7.94e-02,+4.71e-02,+0.00e+00], a=[+8.64e-09,-1.58e-08,+0.00e+00]
           |s|=+1.42e+07  |v|=+9.23e-02  |a|=+1.80e-08
            1.50e+11m away from Earth.
            1.50e+11m away from Moon.



Progress 49% - Result for 157790700.00s:
-------------------------------------
     Earth: m=5.972e+24, r=6.378e+06, s=[+1.50e+11,-3.47e+09,+0.00e+00], v=[+6.98e+02,+2.98e+04,+0.00e+00], a=[-5.89e-03,+1.50e-04,+0.00e+00]
           |s|=+1.50e+11  |v|=+2.98e+04  |a|=+5.89e-03
            3.49e+08m away from Moon.
            1.50e+11m away from Sun.

      Moon: m=7.246e+22, r=1.738e+06, s=[+1.50e+11,-3.37e+09,+0.00e+00], v=[+3.98e+02,+3.08e+04,+0.00e+00], a=[-9.04e-03,-8.13e-04,+0.00e+00]
           |s|=+1.50e+11  |v|=+3.08e+04  |a|=+9.07e-03
            3.49e+08m away from Earth.
            1.50e+11m away from Sun.

       Sun: m=1.988e+30, r=6.957e+08, s=[+1.39e+02,+1.43e+07,+0.00e+00], v=[-2.11e-03,+2.34e-05,+0.00e+00], a=[+1.80e-08,-4.20e-10,+0.00e+00]
           |s|=+1.43e+07  |v|=+2.11e-03  |a|=+1.80e-08
            1.50e+11m away from Earth.
            1.50e+11m away from Moon.



Progress 51% - Result for 163050390.00s:
-------------------------------------
     Earth: m=5.972e+24, r=6.378e+06, s=[+7.78e+10,+1.28e+11,+0.00e+00], v=[-2.54e+04,+1.55e+04,+0.00e+00], a=[-3.11e-03,-5.04e-03,+0.00e+00]
           |s|=+1.50e+11  |v|=+2.98e+04  |a|=+5.92e-03
            3.84e+08m away from Moon.
            1.50e+11m away from Sun.

      Moon: m=7.246e+22, r=1.738e+06, s=[+7.75e+10,+1.28e+11,+0.00e+00], v=[-2.62e+04,+1.48e+04,+0.00e+00], a=[-1.10e-03,-6.92e-03,+0.00e+00]
           |s|=+1.50e+11  |v|=+3.01e+04  |a|=+7.01e-03
            3.84e+08m away from Earth.
            1.50e+11m away from Sun.

       Sun: m=1.988e+30, r=6.957e+08, s=[+2.18e+05,+1.44e+07,+0.00e+00], v=[+7.73e-02,+4.35e-02,+0.00e+00], a=[+9.37e-09,+1.54e-08,+0.00e+00]
           |s|=+1.44e+07  |v|=+8.87e-02  |a|=+1.80e-08
            1.50e+11m away from Earth.
            1.50e+11m away from Moon.



Progress 53% - Result for 168310080.00s:
-------------------------------------
     Earth: m=5.972e+24, r=6.378e+06, s=[-7.17e+10,+1.31e+11,+0.00e+00], v=[-2.61e+04,-1.42e+04,+0.00e+00], a=[+2.82e-03,-5.23e-03,+0.00e+00]
           |s|=+1.50e+11  |v|=+2.98e+04  |a|=+5.94e-03
            3.86e+08m away from Moon.
            1.50e+11m away from Sun.

      Moon: m=7.246e+22, r=1.738e+06, s=[-7.19e+10,+1.31e+11,+0.00e+00], v=[-2.52e+04,-1.47e+04,+0.00e+00], a=[+4.14e-03,-2.85e-03,+0.00e+00]
           |s|=+1.50e+11  |v|=+2.92e+04  |a|=+5.03e-03
            3.86e+08m away from Earth.
            1.50e+11m away from Sun.

       Sun: m=1.988e+30, r=6.957e+08, s=[+6.73e+05,+1.48e+07,+0.00e+00], v=[+7.95e-02,+1.34e-01,+0.00e+00], a=[-8.62e-09,+1.58e-08,+0.00e+00]
           |s|=+1.49e+07  |v|=+1.56e-01  |a|=+1.80e-08
            1.50e+11m away from Earth.
            1.50e+11m away from Moon.



Progress 54% - Result for 173569770.00s:
-------------------------------------
     Earth: m=5.972e+24, r=6.378e+06, s=[-1.50e+11,+3.84e+09,+0.00e+00], v=[-7.61e+02,-2.98e+04,+0.00e+00], a=[+5.96e-03,-1.53e-04,+0.00e+00]
           |s|=+1.50e+11  |v|=+2.98e+04  |a|=+5.96e-03
            3.51e+08m away from Moon.
            1.50e+11m away from Sun.

      Moon: m=7.246e+22, r=1.738e+06, s=[-1.49e+11,+3.83e+09,+0.00e+00], v=[-7.38e+02,-2.87e+04,+0.00e+00], a=[+2.71e-03,-2.67e-05,+0.00e+00]
           |s|=+1.49e+11  |v|=+2.87e+04  |a|=+2.71e-03
            3.51e+08m away from Earth.
            1.49e+11m away from Sun.

       Sun: m=1.988e+30, r=6.957e+08, s=[+9.10e+05,+1.57e+07,+0.00e+00], v=[+2.31e-03,+1.81e-01,+0.00e+00], a=[-1.80e-08,+4.60e-10,+0.00e+00]
           |s|=+1.57e+07  |v|=+1.81e-01  |a|=+1.80e-08
            1.50e+11m away from Earth.
            1.49e+11m away from Moon.



Progress 56% - Result for 178829460.00s:
-------------------------------------
     Earth: m=5.972e+24, r=6.378e+06, s=[-7.83e+10,-1.28e+11,+0.00e+00], v=[+2.54e+04,-1.56e+04,+0.00e+00], a=[+3.08e-03,+5.08e-03,+0.00e+00]
           |s|=+1.50e+11  |v|=+2.98e+04  |a|=+5.94e-03
            3.72e+08m away from Moon.
            1.50e+11m away from Sun.

      Moon: m=7.246e+22, r=1.738e+06, s=[-7.85e+10,-1.27e+11,+0.00e+00], v=[+2.44e+04,-1.60e+04,+0.00e+00], a=[+4.56e-03,+2.55e-03,+0.00e+00]
           |s|=+1.50e+11  |v|=+2.92e+04  |a|=+5.22e-03
            3.72e+08m away from Earth.
            1.50e+11m away from Sun.

       Sun: m=1.988e+30, r=6.957e+08, s=[+6.93e+05,+1.66e+07,+0.00e+00], v=[-7.71e-02,+1.38e-01,+0.00e+00], a=[-9.42e-09,-1.53e-08,+0.00e+00]
           |s|=+1.66e+07  |v|=+1.58e-01  |a|=+1.80e-08
            1.50e+11m away from Earth.
            1.50e+11m away from Moon.



Progress 58% - Result for 184089150.00s:
-------------------------------------
     Earth: m=5.972e+24, r=6.378e+06, s=[+7.12e+10,-1.32e+11,+0.00e+00], v=[+2.62e+04,+1.42e+04,+0.00e+00], a=[-2.84e-03,+5.19e-03,+0.00e+00]
           |s|=+1.50e+11  |v|=+2.98e+04  |a|=+5.92e-03
            3.94e+08m away from Moon.
            1.50e+11m away from Sun.

      Moon: m=7.246e+22, r=1.738e+06, s=[+7.09e+10,-1.32e+11,+0.00e+00], v=[+2.69e+04,+1.35e+04,+0.00e+00], a=[-9.55e-04,+7.00e-03,+0.00e+00]
           |s|=+1.50e+11  |v|=+3.01e+04  |a|=+7.06e-03
            3.94e+08m away from Earth.
            1.50e+11m away from Sun.

       Sun: m=1.988e+30, r=6.957e+08, s=[+2.38e+05,+1.71e+07,+0.00e+00], v=[-7.96e-02,+4.75e-02,+0.00e+00], a=[+8.57e-09,-1.58e-08,+0.00e+00]
           |s|=+1.71e+07  |v|=+9.27e-02  |a|=+1.80e-08
            1.50e+11m away from Earth.
            1.50e+11m away from Moon.



Progress 59% - Result for 189348840.00s:
-------------------------------------
     Earth: m=5.972e+24, r=6.378e+06, s=[+1.50e+11,-4.15e+09,+0.00e+00], v=[+8.23e+02,+2.98e+04,+0.00e+00], a=[-5.90e-03,+1.47e-04,+0.00e+00]
           |s|=+1.50e+11  |v|=+2.98e+04  |a|=+5.90e-03
            3.63e+08m away from Moon.
            1.50e+11m away from Sun.

      Moon: m=7.246e+22, r=1.738e+06, s=[+1.50e+11,-4.33e+09,+0.00e+00], v=[+1.31e+03,+3.07e+04,+0.00e+00], a=[-8.51e-03,+1.68e-03,+0.00e+00]
           |s|=+1.50e+11  |v|=+3.08e+04  |a|=+8.68e-03
            3.63e+08m away from Earth.
            1.50e+11m away from Sun.

       Sun: m=1.988e+30, r=6.957e+08, s=[+1.94e+02,+1.72e+07,+0.00e+00], v=[-2.52e-03,+3.38e-05,+0.00e+00], a=[+1.80e-08,-5.02e-10,+0.00e+00]
           |s|=+1.72e+07  |v|=+2.52e-03  |a|=+1.80e-08
            1.50e+11m away from Earth.
            1.50e+11m away from Moon.



Progress 61% - Result for 194608530.00s:
-------------------------------------
     Earth: m=5.972e+24, r=6.378e+06, s=[+7.84e+10,+1.27e+11,+0.00e+00], v=[-2.54e+04,+1.56e+04,+0.00e+00], a=[-3.11e-03,-5.01e-03,+0.00e+00]
           |s|=+1.50e+11  |v|=+2.98e+04  |a|=+5.90e-03
            3.56e+08m away from Moon.
            1.50e+11m away from Sun.

      Moon: m=7.246e+22, r=1.738e+06, s=[+7.84e+10,+1.28e+11,+0.00e+00], v=[-2.64e+04,+1.57e+04,+0.00e+00], a=[-3.05e-03,-8.19e-03,+0.00e+00]
           |s|=+1.50e+11  |v|=+3.07e+04  |a|=+8.74e-03
            3.56e+08m away from Earth.
            1.50e+11m away from Sun.

       Sun: m=1.988e+30, r=6.957e+08, s=[+2.17e+05,+1.72e+07,+0.00e+00], v=[+7.71e-02,+4.31e-02,+0.00e+00], a=[+9.44e-09,+1.53e-08,+0.00e+00]
           |s|=+1.72e+07  |v|=+8.83e-02  |a|=+1.80e-08
            1.50e+11m away from Earth.
            1.50e+11m away from Moon.



Progress 63% - Result for 199868220.00s:
-------------------------------------
     Earth: m=5.972e+24, r=6.378e+06, s=[-7.11e+10,+1.32e+11,+0.00e+00], v=[-2.62e+04,-1.41e+04,+0.00e+00], a=[+2.78e-03,-5.22e-03,+0.00e+00]
           |s|=+1.50e+11  |v|=+2.98e+04  |a|=+5.92e-03
            3.91e+08m away from Moon.
            1.50e+11m away from Sun.

      Moon: m=7.246e+22, r=1.738e+06, s=[-7.15e+10,+1.32e+11,+0.00e+00], v=[-2.59e+04,-1.51e+04,+0.00e+00], a=[+5.29e-03,-4.35e-03,+0.00e+00]
           |s|=+1.50e+11  |v|=+3.00e+04  |a|=+6.85e-03
            3.91e+08m away from Earth.
            1.50e+11m away from Sun.

       Sun: m=1.988e+30, r=6.957e+08, s=[+6.71e+05,+1.77e+07,+0.00e+00], v=[+7.96e-02,+1.34e-01,+0.00e+00], a=[-8.55e-09,+1.58e-08,+0.00e+00]
           |s|=+1.77e+07  |v|=+1.55e-01  |a|=+1.80e-08
            1.50e+11m away from Earth.
            1.50e+11m away from Moon.



Progress 64% - Result for 205127910.00s:
-------------------------------------
     Earth: m=5.972e+24, r=6.378e+06, s=[-1.50e+11,+4.52e+09,+0.00e+00], v=[-9.05e+02,-2.98e+04,+0.00e+00], a=[+5.93e-03,-2.07e-04,+0.00e+00]
           |s|=+1.50e+11  |v|=+2.98e+04  |a|=+5.93e-03
            3.85e+08m away from Moon.
            1.50e+11m away from Sun.

      Moon: m=7.246e+22, r=1.738e+06, s=[-1.50e+11,+4.18e+09,+0.00e+00], v=[-3.38e+01,-2.92e+04,+0.00e+00], a=[+4.70e-03,+2.23e-03,+0.00e+00]
           |s|=+1.50e+11  |v|=+2.92e+04  |a|=+5.21e-03
            3.85e+08m away from Earth.
            1.50e+11m away from Sun.

       Sun: m=1.988e+30, r=6.957e+08, s=[+9.10e+05,+1.86e+07,+0.00e+00], v=[+2.72e-03,+1.81e-01,+0.00e+00], a=[-1.80e-08,+5.41e-10,+0.00e+00]
           |s|=+1.86e+07  |v|=+1.81e-01  |a|=+1.80e-08
            1.50e+11m away from Earth.
            1.50e+11m away from Moon.



Progress 66% - Result for 210387600.00s:
-------------------------------------
     Earth: m=5.972e+24, r=6.378e+06, s=[-7.89e+10,-1.27e+11,+0.00e+00], v=[+2.53e+04,-1.57e+04,+0.00e+00], a=[+3.15e-03,+5.06e-03,+0.00e+00]
           |s|=+1.50e+11  |v|=+2.98e+04  |a|=+5.96e-03
            3.52e+08m away from Moon.
            1.50e+11m away from Sun.

      Moon: m=7.246e+22, r=1.738e+06, s=[-7.87e+10,-1.27e+11,+0.00e+00], v=[+2.45e+04,-1.50e+04,+0.00e+00], a=[+9.56e-04,+2.69e-03,+0.00e+00]
           |s|=+1.49e+11  |v|=+2.87e+04  |a|=+2.85e-03
            3.52e+08m away from Earth.
            1.49e+11m away from Sun.

       Sun: m=1.988e+30, r=6.957e+08, s=[+6.95e+05,+1.94e+07,+0.00e+00], v=[-7.69e-02,+1.38e-01,+0.00e+00], a=[-9.49e-09,-1.53e-08,+0.00e+00]
           |s|=+1.95e+07  |v|=+1.58e-01  |a|=+1.80e-08
            1.50e+11m away from Earth.
            1.49e+11m away from Moon.



Progress 68% - Result for 215647290.00s:
-------------------------------------
     Earth: m=5.972e+24, r=6.378e+06, s=[+7.06e+10,-1.32e+11,+0.00e+00], v=[+2.63e+04,+1.41e+04,+0.00e+00], a=[-2.83e-03,+5.24e-03,+0.00e+00]
           |s|=+1.50e+11  |v|=+2.98e+04  |a|=+5.95e-03
            3.71e+08m away from Moon.
            1.50e+11m away from Sun.

      Moon: m=7.246e+22, r=1.738e+06, s=[+7.02e+10,-1.32e+11,+0.00e+00], v=[+2.59e+04,+1.31e+04,+0.00e+00], a=[-3.98e-05,+4.37e-03,+0.00e+00]
           |s|=+1.49e+11  |v|=+2.90e+04  |a|=+4.37e-03
            3.71e+08m away from Earth.
            1.49e+11m away from Sun.

       Sun: m=1.988e+30, r=6.957e+08, s=[+2.40e+05,+1.99e+07,+0.00e+00], v=[-7.98e-02,+4.78e-02,+0.00e+00], a=[+8.50e-09,-1.59e-08,+0.00e+00]
           |s|=+1.99e+07  |v|=+9.31e-02  |a|=+1.80e-08
            1.50e+11m away from Earth.
            1.49e+11m away from Moon.



Progress 69% - Result for 220906980.00s:
-------------------------------------
     Earth: m=5.972e+24, r=6.378e+06, s=[+1.50e+11,-4.81e+09,+0.00e+00], v=[+9.52e+02,+2.98e+04,+0.00e+00], a=[-5.93e-03,+1.61e-04,+0.00e+00]
           |s|=+1.50e+11  |v|=+2.98e+04  |a|=+5.93e-03
            3.97e+08m away from Moon.
            1.50e+11m away from Sun.

      Moon: m=7.246e+22, r=1.738e+06, s=[+1.49e+11,-5.20e+09,+0.00e+00], v=[+1.91e+03,+2.96e+04,+0.00e+00], a=[-5.52e-03,+2.71e-03,+0.00e+00]
           |s|=+1.50e+11  |v|=+2.97e+04  |a|=+6.14e-03
            3.96e+08m away from Earth.
            1.50e+11m away from Sun.

       Sun: m=1.988e+30, r=6.957e+08, s=[+2.58e+02,+2.00e+07,+0.00e+00], v=[-2.93e-03,+4.59e-05,+0.00e+00], a=[+1.80e-08,-5.83e-10,+0.00e+00]
           |s|=+2.00e+07  |v|=+2.93e-03  |a|=+1.80e-08
            1.50e+11m away from Earth.
            1.50e+11m away from Moon.



Progress 71% - Result for 226166670.00s:
-------------------------------------
     Earth: m=5.972e+24, r=6.378e+06, s=[+7.89e+10,+1.27e+11,+0.00e+00], v=[-2.53e+04,+1.57e+04,+0.00e+00], a=[-3.09e-03,-5.04e-03,+0.00e+00]
           |s|=+1.50e+11  |v|=+2.98e+04  |a|=+5.91e-03
            3.74e+08m away from Moon.
            1.50e+11m away from Sun.

      Moon: m=7.246e+22, r=1.738e+06, s=[+7.93e+10,+1.27e+11,+0.00e+00], v=[-2.53e+04,+1.68e+04,+0.00e+00], a=[-5.98e-03,-4.89e-03,+0.00e+00]
           |s|=+1.50e+11  |v|=+3.04e+04  |a|=+7.72e-03
            3.74e+08m away from Earth.
            1.50e+11m away from Sun.

       Sun: m=1.988e+30, r=6.957e+08, s=[+2.15e+05,+2.01e+07,+0.00e+00], v=[+7.69e-02,+4.28e-02,+0.00e+00], a=[+9.51e-09,+1.53e-08,+0.00e+00]
           |s|=+2.01e+07  |v|=+8.80e-02  |a|=+1.80e-08
            1.50e+11m away from Earth.
            1.50e+11m away from Moon.



Progress 73% - Result for 231426360.00s:
-------------------------------------
     Earth: m=5.972e+24, r=6.378e+06, s=[-7.05e+10,+1.32e+11,+0.00e+00], v=[-2.63e+04,-1.40e+04,+0.00e+00], a=[+2.78e-03,-5.19e-03,+0.00e+00]
           |s|=+1.50e+11  |v|=+2.98e+04  |a|=+5.88e-03
            3.53e+08m away from Moon.
            1.50e+11m away from Sun.

      Moon: m=7.246e+22, r=1.738e+06, s=[-7.06e+10,+1.32e+11,+0.00e+00], v=[-2.73e+04,-1.44e+04,+0.00e+00], a=[+3.79e-03,-8.24e-03,+0.00e+00]
           |s|=+1.50e+11  |v|=+3.08e+04  |a|=+9.07e-03
            3.53e+08m away from Earth.
            1.50e+11m away from Sun.

       Sun: m=1.988e+30, r=6.957e+08, s=[+6.69e+05,+2.06e+07,+0.00e+00], v=[+7.98e-02,+1.33e-01,+0.00e+00], a=[-8.48e-09,+1.59e-08,+0.00e+00]
           |s|=+2.06e+07  |v|=+1.55e-01  |a|=+1.80e-08
            1.50e+11m away from Earth.
            1.50e+11m away from Moon.



Progress 74% - Result for 236686050.00s:
-------------------------------------
     Earth: m=5.972e+24, r=6.378e+06, s=[-1.50e+11,+5.19e+09,+0.00e+00], v=[-1.03e+03,-2.97e+04,+0.00e+00], a=[+5.89e-03,-2.24e-04,+0.00e+00]
           |s|=+1.50e+11  |v|=+2.98e+04  |a|=+5.89e-03
            3.82e+08m away from Moon.
            1.50e+11m away from Sun.

      Moon: m=7.246e+22, r=1.738e+06, s=[-1.50e+11,+4.97e+09,+0.00e+00], v=[-4.91e+02,-3.06e+04,+0.00e+00], a=[+8.12e-03,+1.38e-03,+0.00e+00]
           |s|=+1.50e+11  |v|=+3.06e+04  |a|=+8.24e-03
            3.82e+08m away from Earth.
            1.50e+11m away from Sun.

       Sun: m=1.988e+30, r=6.957e+08, s=[+9.10e+05,+2.14e+07,+0.00e+00], v=[+3.12e-03,+1.81e-01,+0.00e+00], a=[-1.80e-08,+6.21e-10,+0.00e+00]
           |s|=+2.14e+07  |v|=+1.81e-01  |a|=+1.80e-08
            1.50e+11m away from Earth.
            1.50e+11m away from Moon.



Progress 76% - Result for 241945740.00s:
-------------------------------------
     Earth: m=5.972e+24, r=6.378e+06, s=[-7.95e+10,-1.27e+11,+0.00e+00], v=[+2.52e+04,-1.58e+04,+0.00e+00], a=[+3.16e-03,+4.99e-03,+0.00e+00]
           |s|=+1.50e+11  |v|=+2.98e+04  |a|=+5.91e-03
            3.98e+08m away from Moon.
            1.50e+11m away from Sun.

      Moon: m=7.246e+22, r=1.738e+06, s=[-7.92e+10,-1.27e+11,+0.00e+00], v=[+2.60e+04,-1.52e+04,+0.00e+00], a=[+1.57e-03,+7.00e-03,+0.00e+00]
           |s|=+1.50e+11  |v|=+3.01e+04  |a|=+7.18e-03
            3.98e+08m away from Earth.
            1.50e+11m away from Sun.

       Sun: m=1.988e+30, r=6.957e+08, s=[+6.96e+05,+2.23e+07,+0.00e+00], v=[-7.67e-02,+1.39e-01,+0.00e+00], a=[-9.56e-09,-1.53e-08,+0.00e+00]
           |s|=+2.23e+07  |v|=+1.58e-01  |a|=+1.80e-08
            1.50e+11m away from Earth.
            1.50e+11m away from Moon.



Progress 78% - Result for 247205430.00s:
-------------------------------------
     Earth: m=5.972e+24, r=6.378e+06, s=[+7.00e+10,-1.32e+11,+0.00e+00], v=[+2.63e+04,+1.39e+04,+0.00e+00], a=[-2.75e-03,+5.26e-03,+0.00e+00]
           |s|=+1.50e+11  |v|=+2.98e+04  |a|=+5.94e-03
            3.72e+08m away from Moon.
            1.50e+11m away from Sun.

      Moon: m=7.246e+22, r=1.738e+06, s=[+7.03e+10,-1.32e+11,+0.00e+00], v=[+2.56e+04,+1.46e+04,+0.00e+00], a=[-4.87e-03,+3.24e-03,+0.00e+00]
           |s|=+1.50e+11  |v|=+2.95e+04  |a|=+5.85e-03
            3.72e+08m away from Earth.
            1.50e+11m away from Sun.

       Sun: m=1.988e+30, r=6.957e+08, s=[+2.42e+05,+2.28e+07,+0.00e+00], v=[-8.00e-02,+4.82e-02,+0.00e+00], a=[+8.43e-09,-1.59e-08,+0.00e+00]
           |s|=+2.28e+07  |v|=+9.34e-02  |a|=+1.80e-08
            1.50e+11m away from Earth.
            1.50e+11m away from Moon.



Progress 79% - Result for 252465120.00s:
-------------------------------------
     Earth: m=5.972e+24, r=6.378e+06, s=[+1.49e+11,-5.49e+09,+0.00e+00], v=[+1.10e+03,+2.98e+04,+0.00e+00], a=[-5.96e-03,+2.36e-04,+0.00e+00]
           |s|=+1.50e+11  |v|=+2.98e+04  |a|=+5.96e-03
            3.60e+08m away from Moon.
            1.50e+11m away from Sun.

      Moon: m=7.246e+22, r=1.738e+06, s=[+1.49e+11,-5.32e+09,+0.00e+00], v=[+5.81e+02,+2.88e+04,+0.00e+00], a=[-3.24e-03,-1.24e-03,+0.00e+00]
           |s|=+1.49e+11  |v|=+2.88e+04  |a|=+3.47e-03
            3.60e+08m away from Earth.
            1.49e+11m away from Sun.

       Sun: m=1.988e+30, r=6.957e+08, s=[+3.30e+02,+2.29e+07,+0.00e+00], v=[-3.33e-03,+5.97e-05,+0.00e+00], a=[+1.80e-08,-6.64e-10,+0.00e+00]
           |s|=+2.29e+07  |v|=+3.33e-03  |a|=+1.80e-08
            1.50e+11m away from Earth.
            1.49e+11m away from Moon.



Progress 81% - Result for 257724810.00s:
-------------------------------------
     Earth: m=5.972e+24, r=6.378e+06, s=[+7.95e+10,+1.27e+11,+0.00e+00], v=[-2.52e+04,+1.58e+04,+0.00e+00], a=[-3.16e-03,-5.05e-03,+0.00e+00]
           |s|=+1.50e+11  |v|=+2.98e+04  |a|=+5.96e-03
            3.89e+08m away from Moon.
            1.50e+11m away from Sun.

      Moon: m=7.246e+22, r=1.738e+06, s=[+7.94e+10,+1.26e+11,+0.00e+00], v=[-2.43e+04,+1.55e+04,+0.00e+00], a=[-2.39e-03,-2.53e-03,+0.00e+00]
           |s|=+1.49e+11  |v|=+2.88e+04  |a|=+3.48e-03
            3.89e+08m away from Earth.
            1.49e+11m away from Sun.

       Sun: m=1.988e+30, r=6.957e+08, s=[+2.13e+05,+2.30e+07,+0.00e+00], v=[+7.67e-02,+4.24e-02,+0.00e+00], a=[+9.58e-09,+1.53e-08,+0.00e+00]
           |s|=+2.30e+07  |v|=+8.76e-02  |a|=+1.80e-08
            1.50e+11m away from Earth.
            1.49e+11m away from Moon.



Progress 83% - Result for 262984500.00s:
-------------------------------------
     Earth: m=5.972e+24, r=6.378e+06, s=[-7.00e+10,+1.32e+11,+0.00e+00], v=[-2.63e+04,-1.39e+04,+0.00e+00], a=[+2.80e-03,-5.24e-03,+0.00e+00]
           |s|=+1.50e+11  |v|=+2.98e+04  |a|=+5.94e-03
            3.99e+08m away from Moon.
            1.50e+11m away from Sun.

      Moon: m=7.246e+22, r=1.738e+06, s=[-6.96e+10,+1.32e+11,+0.00e+00], v=[-2.61e+04,-1.30e+04,+0.00e+00], a=[+3.89e-04,-4.50e-03,+0.00e+00]
           |s|=+1.49e+11  |v|=+2.91e+04  |a|=+4.51e-03
            3.99e+08m away from Earth.
            1.49e+11m away from Sun.

       Sun: m=1.988e+30, r=6.957e+08, s=[+6.67e+05,+2.34e+07,+0.00e+00], v=[+8.00e-02,+1.33e-01,+0.00e+00], a=[-8.41e-09,+1.59e-08,+0.00e+00]
           |s|=+2.34e+07  |v|=+1.55e-01  |a|=+1.80e-08
            1.50e+11m away from Earth.
            1.49e+11m away from Moon.



Progress 84% - Result for 268244190.00s:
-------------------------------------
     Earth: m=5.972e+24, r=6.378e+06, s=[-1.50e+11,+5.85e+09,+0.00e+00], v=[-1.15e+03,-2.97e+04,+0.00e+00], a=[+5.92e-03,-1.97e-04,+0.00e+00]
           |s|=+1.50e+11  |v|=+2.98e+04  |a|=+5.93e-03
            3.75e+08m away from Moon.
            1.50e+11m away from Sun.

      Moon: m=7.246e+22, r=1.738e+06, s=[-1.50e+11,+6.22e+09,+0.00e+00], v=[-2.17e+03,-2.95e+04,+0.00e+00], a=[+5.23e-03,-2.99e-03,+0.00e+00]
           |s|=+1.50e+11  |v|=+2.96e+04  |a|=+6.02e-03
            3.75e+08m away from Earth.
            1.50e+11m away from Sun.

       Sun: m=1.988e+30, r=6.957e+08, s=[+9.10e+05,+2.43e+07,+0.00e+00], v=[+3.53e-03,+1.81e-01,+0.00e+00], a=[-1.80e-08,+7.01e-10,+0.00e+00]
           |s|=+2.43e+07  |v|=+1.81e-01  |a|=+1.80e-08
            1.50e+11m away from Earth.
            1.50e+11m away from Moon.



Progress 86% - Result for 273503880.00s:
-------------------------------------
     Earth: m=5.972e+24, r=6.378e+06, s=[-8.00e+10,-1.26e+11,+0.00e+00], v=[+2.52e+04,-1.59e+04,+0.00e+00], a=[+3.13e-03,+5.00e-03,+0.00e+00]
           |s|=+1.50e+11  |v|=+2.98e+04  |a|=+5.90e-03
            3.67e+08m away from Moon.
            1.50e+11m away from Sun.

      Moon: m=7.246e+22, r=1.738e+06, s=[-8.04e+10,-1.26e+11,+0.00e+00], v=[+2.51e+04,-1.70e+04,+0.00e+00], a=[+6.12e-03,+4.97e-03,+0.00e+00]
           |s|=+1.50e+11  |v|=+3.03e+04  |a|=+7.89e-03
            3.67e+08m away from Earth.
            1.50e+11m away from Sun.

       Sun: m=1.988e+30, r=6.957e+08, s=[+6.98e+05,+2.52e+07,+0.00e+00], v=[-7.65e-02,+1.39e-01,+0.00e+00], a=[-9.63e-09,-1.52e-08,+0.00e+00]
           |s|=+2.52e+07  |v|=+1.59e-01  |a|=+1.80e-08
            1.50e+11m away from Earth.
            1.50e+11m away from Moon.



Progress 88% - Result for 278763570.00s:
-------------------------------------
     Earth: m=5.972e+24, r=6.378e+06, s=[+6.94e+10,-1.33e+11,+0.00e+00], v=[+2.64e+04,+1.38e+04,+0.00e+00], a=[-2.75e-03,+5.22e-03,+0.00e+00]
           |s|=+1.50e+11  |v|=+2.98e+04  |a|=+5.90e-03
            3.93e+08m away from Moon.
            1.50e+11m away from Sun.

      Moon: m=7.246e+22, r=1.738e+06, s=[+6.94e+10,-1.33e+11,+0.00e+00], v=[+2.74e+04,+1.39e+04,+0.00e+00], a=[-3.03e-03,+7.79e-03,+0.00e+00]
           |s|=+1.50e+11  |v|=+3.07e+04  |a|=+8.36e-03
            3.93e+08m away from Earth.
            1.50e+11m away from Sun.

       Sun: m=1.988e+30, r=6.957e+08, s=[+2.44e+05,+2.56e+07,+0.00e+00], v=[-8.02e-02,+4.85e-02,+0.00e+00], a=[+8.36e-09,-1.60e-08,+0.00e+00]
           |s|=+2.56e+07  |v|=+9.37e-02  |a|=+1.80e-08
            1.50e+11m away from Earth.
            1.50e+11m away from Moon.



Progress 89% - Result for 284023260.00s:
-------------------------------------
     Earth: m=5.972e+24, r=6.378e+06, s=[+1.49e+11,-6.15e+09,+0.00e+00], v=[+1.23e+03,+2.98e+04,+0.00e+00], a=[-5.90e-03,+2.46e-04,+0.00e+00]
           |s|=+1.50e+11  |v|=+2.98e+04  |a|=+5.90e-03
            4.01e+08m away from Moon.
            1.50e+11m away from Sun.

      Moon: m=7.246e+22, r=1.738e+06, s=[+1.50e+11,-6.12e+09,+0.00e+00], v=[+1.16e+03,+3.07e+04,+0.00e+00], a=[-8.37e-03,+1.00e-04,+0.00e+00]
           |s|=+1.50e+11  |v|=+3.08e+04  |a|=+8.37e-03
            4.01e+08m away from Earth.
            1.50e+11m away from Sun.

       Sun: m=1.988e+30, r=6.957e+08, s=[+4.11e+02,+2.57e+07,+0.00e+00], v=[-3.73e-03,+7.53e-05,+0.00e+00], a=[+1.80e-08,-7.44e-10,+0.00e+00]
           |s|=+2.57e+07  |v|=+3.74e-03  |a|=+1.80e-08
            1.50e+11m away from Earth.
            1.50e+11m away from Moon.



Progress 91% - Result for 289282950.00s:
-------------------------------------
     Earth: m=5.972e+24, r=6.378e+06, s=[+8.01e+10,+1.26e+11,+0.00e+00], v=[-2.51e+04,+1.60e+04,+0.00e+00], a=[-3.17e-03,-4.97e-03,+0.00e+00]
           |s|=+1.50e+11  |v|=+2.98e+04  |a|=+5.90e-03
            3.77e+08m away from Moon.
            1.50e+11m away from Sun.

      Moon: m=7.246e+22, r=1.738e+06, s=[+8.01e+10,+1.27e+11,+0.00e+00], v=[-2.62e+04,+1.59e+04,+0.00e+00], a=[-2.99e-03,-7.79e-03,+0.00e+00]
           |s|=+1.50e+11  |v|=+3.06e+04  |a|=+8.34e-03
            3.77e+08m away from Earth.
            1.50e+11m away from Sun.

       Sun: m=1.988e+30, r=6.957e+08, s=[+2.11e+05,+2.58e+07,+0.00e+00], v=[+7.65e-02,+4.21e-02,+0.00e+00], a=[+9.64e-09,+1.52e-08,+0.00e+00]
           |s|=+2.58e+07  |v|=+8.73e-02  |a|=+1.80e-08
            1.50e+11m away from Earth.
            1.50e+11m away from Moon.



Progress 93% - Result for 294542640.00s:
-------------------------------------
     Earth: m=5.972e+24, r=6.378e+06, s=[-6.94e+10,+1.33e+11,+0.00e+00], v=[-2.64e+04,-1.38e+04,+0.00e+00], a=[+2.71e-03,-5.26e-03,+0.00e+00]
           |s|=+1.50e+11  |v|=+2.98e+04  |a|=+5.91e-03
            3.66e+08m away from Moon.
            1.50e+11m away from Sun.

      Moon: m=7.246e+22, r=1.738e+06, s=[-6.97e+10,+1.33e+11,+0.00e+00], v=[-2.62e+04,-1.48e+04,+0.00e+00], a=[+5.65e-03,-4.57e-03,+0.00e+00]
           |s|=+1.50e+11  |v|=+3.01e+04  |a|=+7.27e-03
            3.67e+08m away from Earth.
            1.50e+11m away from Sun.

       Sun: m=1.988e+30, r=6.957e+08, s=[+6.66e+05,+2.63e+07,+0.00e+00], v=[+8.02e-02,+1.32e-01,+0.00e+00], a=[-8.34e-09,+1.60e-08,+0.00e+00]
           |s|=+2.63e+07  |v|=+1.55e-01  |a|=+1.80e-08
            1.50e+11m away from Earth.
            1.50e+11m away from Moon.



Progress 94% - Result for 299802330.00s:
-------------------------------------
     Earth: m=5.972e+24, r=6.378e+06, s=[-1.50e+11,+6.53e+09,+0.00e+00], v=[-1.30e+03,-2.97e+04,+0.00e+00], a=[+5.92e-03,-2.87e-04,+0.00e+00]
           |s|=+1.50e+11  |v|=+2.98e+04  |a|=+5.93e-03
            3.90e+08m away from Moon.
            1.50e+11m away from Sun.

      Moon: m=7.246e+22, r=1.738e+06, s=[-1.49e+11,+6.16e+09,+0.00e+00], v=[-3.33e+02,-2.95e+04,+0.00e+00], a=[+5.15e-03,+2.26e-03,+0.00e+00]
           |s|=+1.50e+11  |v|=+2.95e+04  |a|=+5.62e-03
            3.90e+08m away from Earth.
            1.50e+11m away from Sun.

       Sun: m=1.988e+30, r=6.957e+08, s=[+9.10e+05,+2.71e+07,+0.00e+00], v=[+3.93e-03,+1.81e-01,+0.00e+00], a=[-1.80e-08,+7.81e-10,+0.00e+00]
           |s|=+2.71e+07  |v|=+1.81e-01  |a|=+1.80e-08
            1.50e+11m away from Earth.
            1.50e+11m away from Moon.



Progress 96% - Result for 305062020.00s:
-------------------------------------
     Earth: m=5.972e+24, r=6.378e+06, s=[-8.06e+10,-1.26e+11,+0.00e+00], v=[+2.51e+04,-1.60e+04,+0.00e+00], a=[+3.22e-03,+4.99e-03,+0.00e+00]
           |s|=+1.50e+11  |v|=+2.98e+04  |a|=+5.94e-03
            4.03e+08m away from Moon.
            1.50e+11m away from Sun.

      Moon: m=7.246e+22, r=1.738e+06, s=[-8.02e+10,-1.26e+11,+0.00e+00], v=[+2.49e+04,-1.51e+04,+0.00e+00], a=[+7.71e-04,+4.57e-03,+0.00e+00]
           |s|=+1.49e+11  |v|=+2.91e+04  |a|=+4.64e-03
            4.03e+08m away from Earth.
            1.49e+11m away from Sun.

       Sun: m=1.988e+30, r=6.957e+08, s=[+7.00e+05,+2.80e+07,+0.00e+00], v=[-7.63e-02,+1.39e-01,+0.00e+00], a=[-9.69e-09,-1.52e-08,+0.00e+00]
           |s|=+2.80e+07  |v|=+1.59e-01  |a|=+1.80e-08
            1.50e+11m away from Earth.
            1.49e+11m away from Moon.



Progress 98% - Result for 310321710.00s:
-------------------------------------
     Earth: m=5.972e+24, r=6.378e+06, s=[+6.88e+10,-1.33e+11,+0.00e+00], v=[+2.65e+04,+1.37e+04,+0.00e+00], a=[-2.73e-03,+5.30e-03,+0.00e+00]
           |s|=+1.50e+11  |v|=+2.98e+04  |a|=+5.96e-03
            3.81e+08m away from Moon.
            1.50e+11m away from Sun.

      Moon: m=7.246e+22, r=1.738e+06, s=[+6.88e+10,-1.32e+11,+0.00e+00], v=[+2.54e+04,+1.36e+04,+0.00e+00], a=[-2.59e-03,+2.54e-03,+0.00e+00]
           |s|=+1.49e+11  |v|=+2.88e+04  |a|=+3.63e-03
            3.81e+08m away from Earth.
            1.49e+11m away from Sun.

       Sun: m=1.988e+30, r=6.957e+08, s=[+2.46e+05,+2.85e+07,+0.00e+00], v=[-8.04e-02,+4.89e-02,+0.00e+00], a=[+8.29e-09,-1.60e-08,+0.00e+00]
           |s|=+2.85e+07  |v|=+9.41e-02  |a|=+1.80e-08
            1.50e+11m away from Earth.
            1.49e+11m away from Moon.



Progress 99% - Result for 315581400.00s:
-------------------------------------
     Earth: m=5.972e+24, r=6.378e+06, s=[+1.49e+11,-6.80e+09,+0.00e+00], v=[+1.36e+03,+2.98e+04,+0.00e+00], a=[-5.96e-03,+2.67e-04,+0.00e+00]
           |s|=+1.50e+11  |v|=+2.98e+04  |a|=+5.97e-03
            3.57e+08m away from Moon.
            1.50e+11m away from Sun.

      Moon: m=7.246e+22, r=1.738e+06, s=[+1.49e+11,-6.84e+09,+0.00e+00], v=[+1.48e+03,+2.87e+04,+0.00e+00], a=[-2.84e-03,+6.03e-04,+0.00e+00]
           |s|=+1.49e+11  |v|=+2.87e+04  |a|=+2.90e-03
            3.57e+08m away from Earth.
            1.49e+11m away from Sun.

       Sun: m=1.988e+30, r=6.957e+08, s=[+5.00e+02,+2.86e+07,+0.00e+00], v=[-4.13e-03,+9.26e-05,+0.00e+00], a=[+1.80e-08,-8.23e-10,+0.00e+00]
           |s|=+2.86e+07  |v|=+4.14e-03  |a|=+1.80e-08
            1.50e+11m away from Earth.
            1.49e+11m away from Moon.


SIMULATION COMPLETED.

Progress 100% - Final state at 315581500s:
-------------------------------------
     Earth: m=5.972e+24, r=6.378e+06, s=[+1.49e+11,-6.80e+09,+0.00e+00], v=[+1.36e+03,+2.98e+04,+0.00e+00], a=[-5.96e-03,+2.67e-04,+0.00e+00]
           |s|=+1.50e+11  |v|=+2.98e+04  |a|=+5.97e-03
            3.57e+08m away from Moon.
            1.50e+11m away from Sun.

      Moon: m=7.246e+22, r=1.738e+06, s=[+1.49e+11,-6.84e+09,+0.00e+00], v=[+1.48e+03,+2.87e+04,+0.00e+00], a=[-2.84e-03,+6.04e-04,+0.00e+00]
           |s|=+1.49e+11  |v|=+2.87e+04  |a|=+2.90e-03
            3.57e+08m away from Earth.
            1.49e+11m away from Sun.

       Sun: m=1.988e+30, r=6.957e+08, s=[+4.99e+02,+2.86e+07,+0.00e+00], v=[-4.13e-03,+9.25e-05,+0.00e+00], a=[+1.80e-08,-8.23e-10,+0.00e+00]
           |s|=+2.86e+07  |v|=+4.13e-03  |a|=+1.80e-08
            1.50e+11m away from Earth.
            1.49e+11m away from Moon.

